    1  ping 172.31.197.164
    2  passwd 22joseli
    3  passwd
    4  wget    https://s3.amazonaws.com/amazon-reviews-pds/tsv/amazon_reviews_us_Books_v1_02.tsv.gz
    5  git --version
    6  ls
    7  git
    8  pwd
    9  mkdir ws1
   10  cd ws1
   11  ls
   12  pwd
   13  git init
   14  touch ws1_jh_new_file.txt
   15  ls
   16  git status
   17  git add ws1_jh_new_file.txt 
   18  git status
   19  git commit -m "This is my first commit"
   20  git config --global jose.a.hernandez@sjsu.edu
   21  git config --global user.name "joseh510"
   22  git commit -m "This is my first commit"
   23  git commit --amend --reset-author
   24  ls
   25  history > cmds.log
   26  ls
   27  git remote add origin https://github.com/joseh510/worksheet1.git
   28  git branch -M main
   29  git push -u origin main
   30  gh auth login
   31  git
   32  git clone https://github.com/username/repo.git
   33  git clone https://github.com/joseh510/worksheet1
   34  ls
   35  git push origin cmds.log
   36  ls
   37  git add .
   38  pwd
   39  git add .
   40  git add cmds.log 
   41  git commit -m "cmds.log"
   42  git push origin
   43  git push --set-upstream origin main
   44  ls
   45  worksheet1
   46  ls
   47  gzip -d amazon_reviews_us_Books_v1_02.tsv.gz 
   48  ls
   49  grep "verified" amazon_reviews_us_Books_v1_02.tsv
   50  ls
   51  head -n 2 amazon_reviews_us_Books_v1_02.tsv 
   52  grep -P '\tY\t' amazon_reviews_us_Books_v1_02.tsv 
   53  grep -P '\tN\t' amazon_reviews_us_Books_v1_02.tsv
   54  grep -P '\tN\t' amazon_reviews_us_Books_v1_02.tsv | wc
   55  grep -P '\tY\t' amazon_reviews_us_Books_v1_02.tsv | wc
   56  grep -P '\tN\tY\t' amazon_reviews_us_Books_v1_02.tsv | wc
   57  grep -P '\tY\tY\t' amazon_reviews_us_Books_v1_02.tsv | wc
   58  grep -P '\tY\tY\t' amazon_reviews_us_Books_v1_02.tsv | wc > counts.txt
   59  grep -P '\tN\tY\t' amazon_reviews_us_Books_v1_02.tsv | wc >> counts.txt 
   60  vi counts.txt
   61  history > cmds.log
   62  ls
   63  git add counts.txt 
   64  git status
   65  git
   66  ls
   67  pwd
   68  git status
   69  git init
   70  git branch
   71  git status
   72  git add counts.txt 
   73  git add cmds.log 
   74  git status
   75  git commit -m "worksheet 2"
   76  git status
   77  git remote add origin https://github.com/joseh510/worksheet2
   78  git push -u origin master
   79  git branch
   80  ls
   81  script a1.txt
   82  mkdir A1
   83  ls
   84  pwd
   85  cd A1/
   86  pwd
   87  cd..
   88  cd ..
   89  pwd
   90  vi A1
   91  ls
   92  mv a1.txt A1
   93  cd A1
   94  pwd
   95  ls
   96  vi a1.txt
   97  ls
   98  cd A1
   99  ls
  100  pwd
  101  ls
  102  cd A1
  103  ls
  104  more a1.txt
  105  pwd
  106  mv /home/jose/A1 /home/
  107  cd /home
  108  ls
  109  pwd
  110  cd /home/jose/A1
  111  ls
  112  ls
  113  cd A1/
  114  ls
  115  rm a1.txt
  116  ls
  117  script a1.txt
  118  vi a1.txt
  119  script a1.txt
  120  sudo cat /etc/passwd
  121  ls
  122  groups
  123  id -u username
  124  id -u jose
  125  groups id -u jose
  126  groups --help
  127  group
  128  cd /home
  129  group
  130  groups
  131  pwd
  132  cd /home/jose/A1
  133  pwd
  134  ls
  135  mkdir temp
  136  /etc/group
  137  chmod u-x temp
  138  pwd
  139  /home/jose/A1/temp
  140  cd /home/jose/A1/temp
  141  ls
  142  ls -l
  143  ls -lht
  144  cat a1.txt
  145  ls
  146  more a1.txt 
  147  cat a1.txt
  148  pwd
  149  > /home/jose/A1/temp/tempfile.txt
  150  touch tempfile.txt
  151  mv tempfile.txt /home/jose/A1/temp
  152  mkdir temp2
  153  ls
  154  ls
  155  pwd
  156  cd /home/jose/A1
  157  pwd
  158  ls
  159  script a1.txt
  160  cat a1.txt
  161  cat a1.txt 
  162  more a1.txt 
  163  cat a1.txt 
  164  pwd
  165  vi a1.txt
  166  cat a1.txt 
  167  tail a1.txt
  168  script a1.txxt
  169  script a1.txt
  170  rm a1.txxt
  171  ls
  172  mkdir temp3
  173  mv temp2 temp3
  174  ls
  175  cd temp3
  176  ls
  177  cp -R temp2
  178  cp -R temp2 A1
  179  ls
  180  cd A1
  181  ls
  182  pwd
  183  cd ..
  184  pwd
  185  ls
  186  cd A1
  187  ls
  188  script a1.txt
  189  pwd
  190  ls
  191  cd temp3
  192  ls
  193  cd A1
  194  ls
  195  cd temp3
  196  cd ..
  197  ls
  198  pwd
  199  rm A1
  200  rmdir A1
  201  ls
  202  cp -R temp2 /home/jose/A1
  203  cd A1
  204  cd ..
  205  ls
  206  pwd
  207  ls
  208  cd temp3
  209  ls
  210  cp -R temp2 /home/jose/A1/temp3
  211  cd /proc/
  212  ls
  213  cd meminfo
  214  head meminfo
  215  head cpuinfo
  216  tail cpuinfo
  217  cat cpuinfo
  218  cd /home/jose/A1/
  219  ls
  220  pwd
  221  cd /proc/
  222  ls
  223  cd /home/test/
  224  ls
  225  cd /home/test/A1
  226  ls
  227  cp /home/test/A1/downloaded_hashtags_extend.csv /home/jose/A1
  228  cd /home/jose/A1
  229  ls
  230  ls -l downloaded_hashtags_extend.csv 
  231  wc -l downloaded_hashtags_extend.csv 
  232  grep -i "great" downloaded_hashtags_extend.csv
  233  grep -i "great" downloaded_hashtags_extend.csv | wc
  234  head downloaded_hashtags_extend.csv 
  235  tail downloaded_hashtags_extend.csv 
  236  file downloaded_hashtags_extend.csv 
  237  iconv -f utf-8 -t ascii downloaded_hashtags_extend.csv
  238  iconv -f UTF-8 -t ascii downloaded_hashtags_extend.csv
  239  iconv -f UTF-8 -t ascii downloaded_hashtags_extend.csv//TRANSLIT
  240  iconv -f UTF-8 -t ascii//TRANSLIT downloaded_hashtags_extend.csv
  241  head downloaded_hashtags_extend.csv 
  242  ls
  243  cat downloaded_hashtags_extend.csv | cut -d \, -f 1 |uniq -c
  244  cat downloaded_hashtags_extend.csv | cut -d \, -f 1 | uniq -c | wc
  245  cat downloaded_hashtags_extend.csv | cut -d \, -f 1 | uniq -c | wc -l
  246  cat downloaded_hashtags_extend.csv | cut -d \, -f 1 | uniq | wc -l
  247  cut -d \, -f 1 downloaded_hashtags_extend.csv  | uniq | wc -l
  248  cut -d \, -f 4 downloaded_hashtags_extend.csv  | uniq | wc -l
  249  cut -d \, -f 2 downloaded_hashtags_extend.csv  | uniq | wc -l
  250  ls
  251  cd A1
  252  ls
  253   grep -i "great" downloaded_hashtags_extend.csv 
  254   grep -i "great" downloaded_hashtags_extend.csv -wc
  255   grep -i "great" downloaded_hashtags_extend.csv | -wc
  256  script a1.txt
  257  ls
  258  git init
  259  vi a1.txt
  260  ls
  261  vi a1.txt
  262  ls
  263  cat a1.txt
  264  ls
  265  vi A1.txt
  266  ls
  267  vi a1.txt
  268  ls
  269  cd A1
  270  ls
  271  vi a1.txt
  272  ls
  273  vi a1.new.txt
  274  cat a1.new.txt
  275  ls
  276  vi a1.new.txt 
  277  cat a1.new.txt
  278  ls
  279  git init
  280  git add a1.new.txt
  281  git status
  282  git commit -m "Assignment #1"
  283  git status
  284  git remote add origin https://github.com/joseh510/a1
  285  git push -u origin master
  286  head amazon_reviews_us_Books_v1_02.tsv 
  287  sort -n -k 2 amazon_reviews_us_Books_v1_02.tsv 
  288  sort -n -k 2 amazon_reviews_us_Books_v1_02.tsv | head -n 10
  289  sort -n -k 2 amazon_reviews_us_Books_v1_02.tsv | head -n 3
  290  sort -k 2n amazon_reviews_us_Books_v1_02.tsv | head -n 10
  291  cut -d \t, -f 2 amazon_reviews_us_Books_v1_02.tsv | uniq -c | sort | head -n 10
  292  cut -d \t -f 2 amazon_reviews_us_Books_v1_02.tsv | uniq -c | sort | head -n 10
  293  cut -d \ -f 2 amazon_reviews_us_Books_v1_02.tsv | uniq -c | sort | head -n 10
  294  cut -d \	 -f 2 amazon_reviews_us_Books_v1_02.tsv | uniq -c | sort | head -n 10
  295  head -n 7 amazon_reviews_us_Books_v1_02.tsv 
  296  cut -d \	 -f 2 amazon_reviews_us_Books_v1_02.tsv | uniq -c | sort -n | head -n 10
  297  cut -d \	 -f 2 amazon_reviews_us_Books_v1_02.tsv | uniq -c | sort -n | tail -n 10
  298  grep "52948753" amazon_reviews_us_Books_v1_02.tsv | wc -l
  299  grep "52948753" amazon_reviews_us_Books_v1_02.tsv
  300  cut -d \	 -f 2 amazon_reviews_us_Books_v1_02.tsv | uniq -c | sort -n | tail -n 20
  301  cut -d \	 -f 2 amazon_reviews_us_Books_v1_02.tsv | sort -n | uniq -c | head -n 20
  302  sort -k 2n amazon_reviews_us_Books_v1_02.tsv | cut -d \  -f 2  | uniq |head -n 20
  303  sort -k 2n amazon_reviews_us_Books_v1_02.tsv | uniq -c |head -n 20
  304  awk -F '\t' '2' amazon_reviews_us_Books_v1_02.tsv | sort | uniq -c
  305* 
  306  cut -d \	 -f 2 amazon_reviews_us_Books_v1_02.tsv | uniq -c | sort -n | tail -n 40
  307  cut -d \	 -f 2 amazon_reviews_us_Books_v1_02.tsv | sort -u |uniq -c | tail -n 40
  308  cut -d \	 -f 2 amazon_reviews_us_Books_v1_02.tsv | sort -u |uniq -c | head -n 40
  309  cut -d \	 -f 2 amazon_reviews_us_Books_v1_02.tsv | uniq-c | sort -u | head -n 40
  310  cut -d \	 -f 2 amazon_reviews_us_Books_v1_02.tsv | uniq -c | sort -u | head -n 40
  311  cut -d \	 -f 2 amazon_reviews_us_Books_v1_02.tsv | uniq -c | sort -u | tail -n 40
  312  cut -d \	 -f 2 amazon_reviews_us_Books_v1_02.tsv | uniq -c | sort -n | tail -n 40
  313  ls
  314  history > cmds.log
    1  ping 172.31.197.164
    2  passwd 22joseli
    3  passwd
    4  wget    https://s3.amazonaws.com/amazon-reviews-pds/tsv/amazon_reviews_us_Books_v1_02.tsv.gz
    5  git --version
    6  ls
    7  git
    8  pwd
    9  mkdir ws1
   10  cd ws1
   11  ls
   12  pwd
   13  git init
   14  touch ws1_jh_new_file.txt
   15  ls
   16  git status
   17  git add ws1_jh_new_file.txt 
   18  git status
   19  git commit -m "This is my first commit"
   20  git config --global jose.a.hernandez@sjsu.edu
   21  git config --global user.name "joseh510"
   22  git commit -m "This is my first commit"
   23  git commit --amend --reset-author
   24  ls
   25  history > cmds.log
   26  ls
   27  git remote add origin https://github.com/joseh510/worksheet1.git
   28  git branch -M main
   29  git push -u origin main
   30  gh auth login
   31  git
   32  git clone https://github.com/username/repo.git
   33  git clone https://github.com/joseh510/worksheet1
   34  ls
   35  git push origin cmds.log
   36  ls
   37  git add .
   38  pwd
   39  git add .
   40  git add cmds.log 
   41  git commit -m "cmds.log"
   42  git push origin
   43  git push --set-upstream origin main
   44  ls
   45  worksheet1
   46  ls
   47  gzip -d amazon_reviews_us_Books_v1_02.tsv.gz 
   48  ls
   49  grep "verified" amazon_reviews_us_Books_v1_02.tsv
   50  ls
   51  head -n 2 amazon_reviews_us_Books_v1_02.tsv 
   52  grep -P '\tY\t' amazon_reviews_us_Books_v1_02.tsv 
   53  grep -P '\tN\t' amazon_reviews_us_Books_v1_02.tsv
   54  grep -P '\tN\t' amazon_reviews_us_Books_v1_02.tsv | wc
   55  grep -P '\tY\t' amazon_reviews_us_Books_v1_02.tsv | wc
   56  grep -P '\tN\tY\t' amazon_reviews_us_Books_v1_02.tsv | wc
   57  grep -P '\tY\tY\t' amazon_reviews_us_Books_v1_02.tsv | wc
   58  grep -P '\tY\tY\t' amazon_reviews_us_Books_v1_02.tsv | wc > counts.txt
   59  grep -P '\tN\tY\t' amazon_reviews_us_Books_v1_02.tsv | wc >> counts.txt 
   60  vi counts.txt
   61  history > cmds.log
   62  ls
   63  git add counts.txt 
   64  git status
   65  git
   66  ls
   67  pwd
   68  git status
   69  git init
   70  git branch
   71  git status
   72  git add counts.txt 
   73  git add cmds.log 
   74  git status
   75  git commit -m "worksheet 2"
   76  git status
   77  git remote add origin https://github.com/joseh510/worksheet2
   78  git push -u origin master
   79  git branch
   80  ls
   81  script a1.txt
   82  mkdir A1
   83  ls
   84  pwd
   85  cd A1/
   86  pwd
   87  cd..
   88  cd ..
   89  pwd
   90  vi A1
   91  ls
   92  mv a1.txt A1
   93  cd A1
   94  pwd
   95  ls
   96  vi a1.txt
   97  ls
   98  cd A1
   99  ls
  100  pwd
  101  ls
  102  cd A1
  103  ls
  104  more a1.txt
  105  pwd
  106  mv /home/jose/A1 /home/
  107  cd /home
  108  ls
  109  pwd
  110  cd /home/jose/A1
  111  ls
  112  ls
  113  cd A1/
  114  ls
  115  rm a1.txt
  116  ls
  117  script a1.txt
  118  vi a1.txt
  119  script a1.txt
  120  sudo cat /etc/passwd
  121  ls
  122  groups
  123  id -u username
  124  id -u jose
  125  groups id -u jose
  126  groups --help
  127  group
  128  cd /home
  129  group
  130  groups
  131  pwd
  132  cd /home/jose/A1
  133  pwd
  134  ls
  135  mkdir temp
  136  /etc/group
  137  chmod u-x temp
  138  pwd
  139  /home/jose/A1/temp
  140  cd /home/jose/A1/temp
  141  ls
  142  ls -l
  143  ls -lht
  144  cat a1.txt
  145  ls
  146  more a1.txt 
  147  cat a1.txt
  148  pwd
  149  > /home/jose/A1/temp/tempfile.txt
  150  touch tempfile.txt
  151  mv tempfile.txt /home/jose/A1/temp
  152  mkdir temp2
  153  ls
  154  ls
  155  pwd
  156  cd /home/jose/A1
  157  pwd
  158  ls
  159  script a1.txt
  160  cat a1.txt
  161  cat a1.txt 
  162  more a1.txt 
  163  cat a1.txt 
  164  pwd
  165  vi a1.txt
  166  cat a1.txt 
  167  tail a1.txt
  168  script a1.txxt
  169  script a1.txt
  170  rm a1.txxt
  171  ls
  172  mkdir temp3
  173  mv temp2 temp3
  174  ls
  175  cd temp3
  176  ls
  177  cp -R temp2
  178  cp -R temp2 A1
  179  ls
  180  cd A1
  181  ls
  182  pwd
  183  cd ..
  184  pwd
  185  ls
  186  cd A1
  187  ls
  188  script a1.txt
  189  pwd
  190  ls
  191  cd temp3
  192  ls
  193  cd A1
  194  ls
  195  cd temp3
  196  cd ..
  197  ls
  198  pwd
  199  rm A1
  200  rmdir A1
  201  ls
  202  cp -R temp2 /home/jose/A1
  203  cd A1
  204  cd ..
  205  ls
  206  pwd
  207  ls
  208  cd temp3
  209  ls
  210  cp -R temp2 /home/jose/A1/temp3
  211  cd /proc/
  212  ls
  213  cd meminfo
  214  head meminfo
  215  head cpuinfo
  216  tail cpuinfo
  217  cat cpuinfo
  218  cd /home/jose/A1/
  219  ls
  220  pwd
  221  cd /proc/
  222  ls
  223  cd /home/test/
  224  ls
  225  cd /home/test/A1
  226  ls
  227  cp /home/test/A1/downloaded_hashtags_extend.csv /home/jose/A1
  228  cd /home/jose/A1
  229  ls
  230  ls -l downloaded_hashtags_extend.csv 
  231  wc -l downloaded_hashtags_extend.csv 
  232  grep -i "great" downloaded_hashtags_extend.csv
  233  grep -i "great" downloaded_hashtags_extend.csv | wc
  234  head downloaded_hashtags_extend.csv 
  235  tail downloaded_hashtags_extend.csv 
  236  file downloaded_hashtags_extend.csv 
  237  iconv -f utf-8 -t ascii downloaded_hashtags_extend.csv
  238  iconv -f UTF-8 -t ascii downloaded_hashtags_extend.csv
  239  iconv -f UTF-8 -t ascii downloaded_hashtags_extend.csv//TRANSLIT
  240  iconv -f UTF-8 -t ascii//TRANSLIT downloaded_hashtags_extend.csv
  241  head downloaded_hashtags_extend.csv 
  242  ls
  243  cat downloaded_hashtags_extend.csv | cut -d \, -f 1 |uniq -c
  244  cat downloaded_hashtags_extend.csv | cut -d \, -f 1 | uniq -c | wc
  245  cat downloaded_hashtags_extend.csv | cut -d \, -f 1 | uniq -c | wc -l
  246  cat downloaded_hashtags_extend.csv | cut -d \, -f 1 | uniq | wc -l
  247  cut -d \, -f 1 downloaded_hashtags_extend.csv  | uniq | wc -l
  248  cut -d \, -f 4 downloaded_hashtags_extend.csv  | uniq | wc -l
  249  cut -d \, -f 2 downloaded_hashtags_extend.csv  | uniq | wc -l
  250  ls
  251  cd A1
  252  ls
  253   grep -i "great" downloaded_hashtags_extend.csv 
  254   grep -i "great" downloaded_hashtags_extend.csv -wc
  255   grep -i "great" downloaded_hashtags_extend.csv | -wc
  256  script a1.txt
  257  ls
  258  git init
  259  vi a1.txt
  260  ls
  261  vi a1.txt
  262  ls
  263  cat a1.txt
  264  ls
  265  vi A1.txt
  266  ls
  267  vi a1.txt
  268  ls
  269  cd A1
  270  ls
  271  vi a1.txt
  272  ls
  273  vi a1.new.txt
  274  cat a1.new.txt
  275  ls
  276  vi a1.new.txt 
  277  cat a1.new.txt
  278  ls
  279  git init
  280  git add a1.new.txt
  281  git status
  282  git commit -m "Assignment #1"
  283  git status
  284  git remote add origin https://github.com/joseh510/a1
  285  git push -u origin master
  286  head amazon_reviews_us_Books_v1_02.tsv 
  287  sort -n -k 2 amazon_reviews_us_Books_v1_02.tsv 
  288  sort -n -k 2 amazon_reviews_us_Books_v1_02.tsv | head -n 10
  289  sort -n -k 2 amazon_reviews_us_Books_v1_02.tsv | head -n 3
  290  sort -k 2n amazon_reviews_us_Books_v1_02.tsv | head -n 10
  291  cut -d \t, -f 2 amazon_reviews_us_Books_v1_02.tsv | uniq -c | sort | head -n 10
  292  cut -d \t -f 2 amazon_reviews_us_Books_v1_02.tsv | uniq -c | sort | head -n 10
  293  cut -d \ -f 2 amazon_reviews_us_Books_v1_02.tsv | uniq -c | sort | head -n 10
  294  cut -d \	 -f 2 amazon_reviews_us_Books_v1_02.tsv | uniq -c | sort | head -n 10
  295  head -n 7 amazon_reviews_us_Books_v1_02.tsv 
  296  cut -d \	 -f 2 amazon_reviews_us_Books_v1_02.tsv | uniq -c | sort -n | head -n 10
  297  cut -d \	 -f 2 amazon_reviews_us_Books_v1_02.tsv | uniq -c | sort -n | tail -n 10
  298  grep "52948753" amazon_reviews_us_Books_v1_02.tsv | wc -l
  299  grep "52948753" amazon_reviews_us_Books_v1_02.tsv
  300  cut -d \	 -f 2 amazon_reviews_us_Books_v1_02.tsv | uniq -c | sort -n | tail -n 20
  301  cut -d \	 -f 2 amazon_reviews_us_Books_v1_02.tsv | sort -n | uniq -c | head -n 20
  302  sort -k 2n amazon_reviews_us_Books_v1_02.tsv | cut -d \  -f 2  | uniq |head -n 20
  303  sort -k 2n amazon_reviews_us_Books_v1_02.tsv | uniq -c |head -n 20
  304  awk -F '\t' '2' amazon_reviews_us_Books_v1_02.tsv | sort | uniq -c
  305  cut -d \	 -f 2 amazon_reviews_us_Books_v1_02.tsv | uniq -c | sort -n | tail -n 40
  306  cut -d \	 -f 2 amazon_reviews_us_Books_v1_02.tsv | sort -u |uniq -c | tail -n 40
  307  cut -d \	 -f 2 amazon_reviews_us_Books_v1_02.tsv | sort -u |uniq -c | head -n 40
  308  cut -d \	 -f 2 amazon_reviews_us_Books_v1_02.tsv | uniq-c | sort -u | head -n 40
  309  cut -d \	 -f 2 amazon_reviews_us_Books_v1_02.tsv | uniq -c | sort -u | head -n 40
  310  cut -d \	 -f 2 amazon_reviews_us_Books_v1_02.tsv | uniq -c | sort -u | tail -n 40
  311  cut -d \	 -f 2 amazon_reviews_us_Books_v1_02.tsv | uniq -c | sort -n | tail -n 40
  312  ls
  313  history > cmds.log
  314  ls
  315  script ws3.txt
  316* cut -d \ -f 2 amazon_reviews_us_Books_v1_02.tsv | sort -n | uniq -c | sort -n | tail -50
  317  cut -d \	 -f 2 amazon_reviews_us_Books_v1_02.tsv | sort -n | uniq -c | sort -n | tail -50
  318  cut -d \	 -f 6 amazon_reviews_us_Books_v1_02.tsv | sort -n | uniq -c | sort -n | tail -50
  319  history >> cmds.log
